   1               		.file	"Ds1307.c"
   2               	__SREG__ = 0x3f
   3               	__SP_H__ = 0x3e
   4               	__SP_L__ = 0x3d
   5               	__CCP__  = 0x34
   6               	__tmp_reg__ = 0
   7               	__zero_reg__ = 1
  15               	.Ltext0:
  16               	.global	decToBcd
  18               	decToBcd:
  19               	.LFB6:
  20               	.LM1:
  21               	.LVL0:
  22               	/* prologue: function */
  23               	/* frame size = 0 */
  24 0000 482F      		mov r20,r24
  25               	.LM2:
  26 0002 6AE0      		ldi r22,lo8(10)
  27 0004 0E94 0000 		call __udivmodqi4
  28               	.LVL1:
  29 0008 282F      		mov r18,r24
  30 000a 30E0      		ldi r19,lo8(0)
  31 000c 84E0      		ldi r24,4
  32 000e 220F      	1:	lsl r18
  33 0010 331F      		rol r19
  34 0012 8A95      		dec r24
  35 0014 01F4      		brne 1b
  36 0016 842F      		mov r24,r20
  37 0018 0E94 0000 		call __udivmodqi4
  38               	.LM3:
  39 001c 892F      		mov r24,r25
  40 001e 820F      		add r24,r18
  41               	/* epilogue start */
  42 0020 0895      		ret
  43               	.LFE6:
  45               	.global	bcdToDec
  47               	bcdToDec:
  48               	.LFB7:
  49               	.LM4:
  50               	.LVL2:
  51               	/* prologue: function */
  52               	/* frame size = 0 */
  53               	.LM5:
  54 0022 282F      		mov r18,r24
  55 0024 2295      		swap r18
  56 0026 2F70      		andi r18,lo8(15)
  57 0028 9AE0      		ldi r25,lo8(10)
  58 002a 299F      		mul r18,r25
  59 002c 9001      		movw r18,r0
  60 002e 1124      		clr r1
  61 0030 8F70      		andi r24,lo8(15)
  62               	.LVL3:
  63               	.LM6:
  64 0032 820F      		add r24,r18
  65               	.LVL4:
  66               	/* epilogue start */
  67 0034 0895      		ret
  68               	.LFE7:
  70               	.global	I2C_requestedDataReadyRtc
  72               	I2C_requestedDataReadyRtc:
  73               	.LFB10:
  74               	.LM7:
  75               	.LVL5:
  76               	/* prologue: function */
  77               	/* frame size = 0 */
  78               	.LM8:
  79 0036 90E0      		ldi r25,lo8(0)
  80 0038 6AE0      		ldi r22,lo8(10)
  81 003a 0E94 0000 		call writeInteger
  82               	.LVL6:
  83               	/* epilogue start */
  84               	.LM9:
  85 003e 0895      		ret
  86               	.LFE10:
  88               	.global	setRtc
  90               	setRtc:
  91               	.LFB9:
  92               	.LM10:
  93               	/* prologue: function */
  94               	/* frame size = 0 */
  95               	.LM11:
  96 0040 8091 0000 		lds r24,TWI_operation
  97 0044 8823      		tst r24
  98 0046 01F4      		brne .L9
  99               	.LM12:
 100 0048 80ED      		ldi r24,lo8(-48)
 101 004a 60E0      		ldi r22,lo8(0)
 102 004c 0E94 0000 		call I2CTWI_transmitByte
 103               	.LM13:
 104 0050 8DE2      		ldi r24,lo8(45)
 105 0052 0E94 0000 		call decToBcd
 106 0056 682F      		mov r22,r24
 107 0058 80ED      		ldi r24,lo8(-48)
 108 005a 0E94 0000 		call I2CTWI_transmitByte
 109               	.LM14:
 110 005e 88E2      		ldi r24,lo8(40)
 111 0060 0E94 0000 		call decToBcd
 112 0064 682F      		mov r22,r24
 113 0066 80ED      		ldi r24,lo8(-48)
 114 0068 0E94 0000 		call I2CTWI_transmitByte
 115               	.LM15:
 116 006c 80E0      		ldi r24,lo8(0)
 117 006e 0E94 0000 		call decToBcd
 118 0072 682F      		mov r22,r24
 119 0074 80ED      		ldi r24,lo8(-48)
 120 0076 0E94 0000 		call I2CTWI_transmitByte
 121               	.LM16:
 122 007a 82E0      		ldi r24,lo8(2)
 123 007c 0E94 0000 		call decToBcd
 124 0080 682F      		mov r22,r24
 125 0082 80ED      		ldi r24,lo8(-48)
 126 0084 0E94 0000 		call I2CTWI_transmitByte
 127               	.LM17:
 128 0088 81E0      		ldi r24,lo8(1)
 129 008a 0E94 0000 		call decToBcd
 130 008e 682F      		mov r22,r24
 131 0090 80ED      		ldi r24,lo8(-48)
 132 0092 0E94 0000 		call I2CTWI_transmitByte
 133               	.LM18:
 134 0096 83E0      		ldi r24,lo8(3)
 135 0098 0E94 0000 		call decToBcd
 136 009c 682F      		mov r22,r24
 137 009e 80ED      		ldi r24,lo8(-48)
 138 00a0 0E94 0000 		call I2CTWI_transmitByte
 139               	.LM19:
 140 00a4 8BE0      		ldi r24,lo8(11)
 141 00a6 0E94 0000 		call decToBcd
 142 00aa 682F      		mov r22,r24
 143 00ac 80ED      		ldi r24,lo8(-48)
 144 00ae 0E94 0000 		call I2CTWI_transmitByte
 145               	.L9:
 146 00b2 0895      		ret
 147               	.LFE9:
 149               	.global	readRtc
 151               	readRtc:
 152               	.LFB8:
 153               	.LM20:
 154               	.LVL7:
 155 00b4 0F93      		push r16
 156 00b6 1F93      		push r17
 157 00b8 CF93      		push r28
 158 00ba DF93      		push r29
 159               	/* prologue: function */
 160               	/* frame size = 0 */
 161 00bc 8C01      		movw r16,r24
 162               	.LM21:
 163 00be 8091 0000 		lds r24,TWI_operation
 164               	.LVL8:
 165 00c2 8823      		tst r24
 166 00c4 01F4      		brne .L11
 167               	.LM22:
 168 00c6 8091 0000 		lds r24,stopwatches+1
 169 00ca 9091 0000 		lds r25,(stopwatches+1)+1
 170 00ce 8536      		cpi r24,101
 171 00d0 9105      		cpc r25,__zero_reg__
 172 00d2 00F0      		brlo .L11
 173               	.LM23:
 174 00d4 1092 0000 		sts counter.1856,__zero_reg__
 175 00d8 00C0      		rjmp .L12
 176               	.L13:
 177               	.LM24:
 178 00da 80ED      		ldi r24,lo8(-48)
 179 00dc 0E94 0000 		call I2CTWI_transmitByte
 180               	.LM25:
 181 00e0 8091 0000 		lds r24,counter.1856
 182 00e4 C82F      		mov r28,r24
 183 00e6 D0E0      		ldi r29,lo8(0)
 184 00e8 80ED      		ldi r24,lo8(-48)
 185 00ea 0E94 0000 		call I2CTWI_readByte
 186 00ee C050      		subi r28,lo8(-(RTCResult.1857))
 187 00f0 D040      		sbci r29,hi8(-(RTCResult.1857))
 188 00f2 8883      		st Y,r24
 189               	.LM26:
 190 00f4 80E0      		ldi r24,lo8(__c.1858)
 191 00f6 90E0      		ldi r25,hi8(__c.1858)
 192 00f8 0E94 0000 		call writeNStringP
 193               	.LM27:
 194 00fc 8091 0000 		lds r24,RTCResult.1857
 195 0100 90E0      		ldi r25,lo8(0)
 196 0102 6AE0      		ldi r22,lo8(10)
 197 0104 0E94 0000 		call writeInteger
 198 0108 80E0      		ldi r24,lo8(__c.1860)
 199 010a 90E0      		ldi r25,hi8(__c.1860)
 200 010c 0E94 0000 		call writeNStringP
 201               	.LM28:
 202 0110 8091 0000 		lds r24,RTCResult.1857+1
 203 0114 90E0      		ldi r25,lo8(0)
 204 0116 6AE0      		ldi r22,lo8(10)
 205 0118 0E94 0000 		call writeInteger
 206 011c 80E0      		ldi r24,lo8(__c.1862)
 207 011e 90E0      		ldi r25,hi8(__c.1862)
 208 0120 0E94 0000 		call writeNStringP
 209               	.LM29:
 210 0124 8091 0000 		lds r24,counter.1856
 211 0128 8F5F      		subi r24,lo8(-(1))
 212 012a 8093 0000 		sts counter.1856,r24
 213               	.L12:
 214 012e 6091 0000 		lds r22,counter.1856
 215 0132 6830      		cpi r22,lo8(8)
 216 0134 00F0      		brlo .L13
 217               	.LM30:
 218 0136 1092 0000 		sts (stopwatches+1)+1,__zero_reg__
 219 013a 1092 0000 		sts stopwatches+1,__zero_reg__
 220               	.L11:
 221               	.LM31:
 222 013e 8091 0000 		lds r24,RTCResult.1857
 223 0142 8F77      		andi r24,lo8(127)
 224 0144 0E94 0000 		call bcdToDec
 225 0148 F801      		movw r30,r16
 226 014a 8083      		st Z,r24
 227               	.LM32:
 228 014c 8091 0000 		lds r24,RTCResult.1857+1
 229 0150 0E94 0000 		call bcdToDec
 230 0154 F801      		movw r30,r16
 231 0156 8183      		std Z+1,r24
 232               	.LM33:
 233 0158 8091 0000 		lds r24,RTCResult.1857+2
 234 015c 8F73      		andi r24,lo8(63)
 235 015e 0E94 0000 		call bcdToDec
 236 0162 F801      		movw r30,r16
 237 0164 8283      		std Z+2,r24
 238               	.LM34:
 239 0166 8091 0000 		lds r24,RTCResult.1857+3
 240 016a 0E94 0000 		call bcdToDec
 241 016e F801      		movw r30,r16
 242 0170 8383      		std Z+3,r24
 243               	.LM35:
 244 0172 8091 0000 		lds r24,RTCResult.1857+4
 245 0176 0E94 0000 		call bcdToDec
 246 017a F801      		movw r30,r16
 247 017c 8483      		std Z+4,r24
 248               	.LM36:
 249 017e 8091 0000 		lds r24,RTCResult.1857+5
 250 0182 0E94 0000 		call bcdToDec
 251 0186 F801      		movw r30,r16
 252 0188 8583      		std Z+5,r24
 253               	.LM37:
 254 018a 8091 0000 		lds r24,RTCResult.1857+6
 255 018e 0E94 0000 		call bcdToDec
 256 0192 F801      		movw r30,r16
 257 0194 8683      		std Z+6,r24
 258               	/* epilogue start */
 259               	.LM38:
 260 0196 DF91      		pop r29
 261 0198 CF91      		pop r28
 262 019a 1F91      		pop r17
 263 019c 0F91      		pop r16
 264               	.LVL9:
 265 019e 0895      		ret
 266               	.LFE8:
 268               		.section	.progmem.data,"a",@progbits
 271               	__c.1862:
 272 0000 0A00      		.string	"\n"
 275               	__c.1860:
 276 0002 0A00      		.string	"\n"
 279               	__c.1858:
 280 0004 4465 2064 		.string	"De data van de klok\n"
 280      6174 6120 
 280      7661 6E20 
 280      6465 206B 
 280      6C6F 6B0A 
 281               		.lcomm RTCResult.1857,7
 282               		.lcomm counter.1856,1
 283               		.comm timer,2,1
 340               	.Letext0:
DEFINED SYMBOLS
                            *ABS*:00000000 Ds1307.c
C:\Users\patje\AppData\Local\Temp/cc7RTQmu.s:2      *ABS*:0000003f __SREG__
C:\Users\patje\AppData\Local\Temp/cc7RTQmu.s:3      *ABS*:0000003e __SP_H__
C:\Users\patje\AppData\Local\Temp/cc7RTQmu.s:4      *ABS*:0000003d __SP_L__
C:\Users\patje\AppData\Local\Temp/cc7RTQmu.s:5      *ABS*:00000034 __CCP__
C:\Users\patje\AppData\Local\Temp/cc7RTQmu.s:6      *ABS*:00000000 __tmp_reg__
C:\Users\patje\AppData\Local\Temp/cc7RTQmu.s:7      *ABS*:00000001 __zero_reg__
C:\Users\patje\AppData\Local\Temp/cc7RTQmu.s:18     .text:00000000 decToBcd
C:\Users\patje\AppData\Local\Temp/cc7RTQmu.s:47     .text:00000022 bcdToDec
C:\Users\patje\AppData\Local\Temp/cc7RTQmu.s:72     .text:00000036 I2C_requestedDataReadyRtc
C:\Users\patje\AppData\Local\Temp/cc7RTQmu.s:90     .text:00000040 setRtc
C:\Users\patje\AppData\Local\Temp/cc7RTQmu.s:151    .text:000000b4 readRtc
C:\Users\patje\AppData\Local\Temp/cc7RTQmu.s:281    .bss:00000007 counter.1856
                             .bss:00000000 RTCResult.1857
C:\Users\patje\AppData\Local\Temp/cc7RTQmu.s:279    .progmem.data:00000004 __c.1858
C:\Users\patje\AppData\Local\Temp/cc7RTQmu.s:275    .progmem.data:00000002 __c.1860
C:\Users\patje\AppData\Local\Temp/cc7RTQmu.s:271    .progmem.data:00000000 __c.1862
                            *COM*:00000002 timer

UNDEFINED SYMBOLS
__udivmodqi4
writeInteger
TWI_operation
I2CTWI_transmitByte
stopwatches
I2CTWI_readByte
writeNStringP
__do_clear_bss
